<?xml version="1.0" encoding="UTF-8"?>
<!-- Generated by org.testng.reporters.JUnitXMLReporter -->
<testsuite hostname="admin-PC" ignored="0" name="firefox" tests="1" failures="1" timestamp="29 Jun 2022 19:07:01 GMT" time="0.037" errors="0">
  <testcase name="myMethod" time="0.0" classname="crossBrowserTest.CrossBrowsertesting">
    <failure type="org.testng.TestNGException" message="
Parameter &amp;apos;BrowserName&amp;apos; is required by @Test on method myMethod but has not been marked @Optional or defined
in C:\Users\admin\eclipse-workspace\26March_Automation\test-output\testng-failed.xml">
      <![CDATA[org.testng.TestNGException: 
Parameter 'BrowserName' is required by @Test on method myMethod but has not been marked @Optional or defined
in C:\Users\admin\eclipse-workspace\26March_Automation\test-output\testng-failed.xml
... Removed 24 stack frames]]>
    </failure>
  </testcase> <!-- myMethod -->
</testsuite> <!-- firefox -->
